<?xml version="1.0" encoding="UTF-8"?>
<coverage generated="1684747340832" clover="3.2.0">
  <project timestamp="1684747340832" name="All files">
    <metrics statements="4" coveredstatements="4" conditionals="0" coveredconditionals="0" methods="2" coveredmethods="2" elements="6" coveredelements="6" complexity="0" loc="4" ncloc="4" packages="1" files="2" classes="2"/>
    <file name="cloneArray.js" path="C:\Users\mthar\OneDrive\Documents\Practice\Coding\JEST Framework\Practice JEST\js\cloneArray.js">
      <metrics statements="2" coveredstatements="2" conditionals="0" coveredconditionals="0" methods="1" coveredmethods="1"/>
      <line num="1" count="1" type="stmt"/>
      <line num="3" count="1" type="stmt"/>
    </file>
    <file name="sum.js" path="C:\Users\mthar\OneDrive\Documents\Practice\Coding\JEST Framework\Practice JEST\js\sum.js">
      <metrics statements="2" coveredstatements="2" conditionals="0" coveredconditionals="0" methods="1" coveredmethods="1"/>
      <line num="1" count="1" type="stmt"/>
      <line num="4" count="1" type="stmt"/>
    </file>
  </project>
</coverage>
