{"C:\\Users\\mthar\\OneDrive\\Documents\\Practice\\Coding\\JEST Framework\\Practice JEST\\js\\cloneArray.js": {"path":"C:\\Users\\mthar\\OneDrive\\Documents\\Practice\\Coding\\JEST Framework\\Practice JEST\\js\\cloneArray.js","statementMap":{"0":{"start":{"line":1,"column":19},"end":{"line":1,"column":36}},"1":{"start":{"line":1,"column":28},"end":{"line":1,"column":36}},"2":{"start":{"line":3,"column":0},"end":{"line":3,"column":28}}},"fnMap":{"0":{"name":"(anonymous_0)","decl":{"start":{"line":1,"column":19},"end":{"line":1,"column":20}},"loc":{"start":{"line":1,"column":28},"end":{"line":1,"column":36}},"line":1}},"branchMap":{},"s":{"0":1,"1":1,"2":1},"f":{"0":1},"b":{},"_coverageSchema":"1a1c01bbd47fc00a2c39e90264f33305004495a9","hash":"40644e43a3416f02f7107de3fabf770e9ddc7af9"}
,"C:\\Users\\mthar\\OneDrive\\Documents\\Practice\\Coding\\JEST Framework\\Practice JEST\\js\\sum.js": {"path":"C:\\Users\\mthar\\OneDrive\\Documents\\Practice\\Coding\\JEST Framework\\Practice JEST\\js\\sum.js","statementMap":{"0":{"start":{"line":1,"column":12},"end":{"line":1,"column":24}},"1":{"start":{"line":1,"column":21},"end":{"line":1,"column":24}},"2":{"start":{"line":4,"column":0},"end":{"line":4,"column":21}}},"fnMap":{"0":{"name":"(anonymous_0)","decl":{"start":{"line":1,"column":12},"end":{"line":1,"column":13}},"loc":{"start":{"line":1,"column":21},"end":{"line":1,"column":24}},"line":1}},"branchMap":{},"s":{"0":1,"1":1,"2":1},"f":{"0":1},"b":{},"_coverageSchema":"1a1c01bbd47fc00a2c39e90264f33305004495a9","hash":"c21e5d16f902f6a56e527ccf35e1c218c5598ca9"}
}
